<?xml version="1.0" encoding="UTF-8"?>
<!-- Generated by org.testng.reporters.JUnitReportReporter -->
<testsuite hostname="DESKTOP-HMI8JJM" name="myPracticeAPI.test" tests="1" failures="0" timestamp="20 Jun 2021 08:44:46 GMT" time="3.744" errors="0">
  <testcase name="testMethod" time="3.744" classname="myPracticeAPI.test"/>
</testsuite> <!-- myPracticeAPI.test -->
