<?xml version="1.0" encoding="UTF-8"?>
<!-- Generated by org.testng.reporters.JUnitReportReporter -->
<testsuite hostname="DESKTOP-HMI8JJM" name="Video_Games.games" tests="1" failures="0" timestamp="21 Jun 2021 12:13:21 GMT" time="3.473" errors="0">
  <testcase name="test_getGames" time="3.473" classname="Video_Games.games"/>
</testsuite> <!-- Video_Games.games -->
