<?xml version="1.0" encoding="UTF-8"?>
<!-- Generated by org.testng.reporters.JUnitReportReporter -->
<testsuite hostname="DESKTOP-HMI8JJM" name="demos.restAssuredDemo" tests="1" failures="0" timestamp="17 Jun 2021 07:28:29 GMT" time="6.084" errors="0">
  <testcase name="testCasePost" time="6.084" classname="demos.restAssuredDemo"/>
</testsuite> <!-- demos.restAssuredDemo -->
