<?xml version="1.0" encoding="UTF-8"?>
<!-- Generated by org.testng.reporters.JUnitReportReporter -->
<testsuite hostname="DESKTOP-HMI8JJM" name="Video_Games.temp" tests="1" failures="0" timestamp="21 Jun 2021 10:54:55 GMT" time="0.015" errors="0">
  <testcase name="test" time="0.015" classname="Video_Games.temp"/>
</testsuite> <!-- Video_Games.temp -->
