<?xml version="1.0" encoding="UTF-8"?>
<!-- Generated by org.testng.reporters.JUnitReportReporter -->
<testsuite hostname="DESKTOP-HMI8JJM" name="myPracticeAPI.getWeatherCity" tests="1" failures="0" timestamp="20 Jun 2021 11:33:22 GMT" time="5.458" errors="0">
  <testcase name="createUser" time="5.458" classname="myPracticeAPI.getWeatherCity"/>
</testsuite> <!-- myPracticeAPI.getWeatherCity -->
